This is pdfTeX, Version 3.141592653-2.6-1.40.26 (MiKTeX 24.4) (preloaded format=pdflatex 2024.11.9)  10 NOV 2024 10:57
entering extended mode
 restricted \write18 enabled.
 %&-line parsing enabled.
**"D:/tri3/Deep Learning/Assignment-2/Shivangi_CNN_Assignment-2.tex"
(D:/tri3/Deep Learning/Assignment-2/Shivangi_CNN_Assignment-2.tex
LaTeX2e <2024-06-01> patch level 2
L3 programming layer <2024-08-30>
(C:\Users\HP\AppData\Local\Programs\MiKTeX\tex/latex/base\article.cls
Document Class: article 2024/02/08 v1.4n Standard LaTeX document class
(C:\Users\HP\AppData\Local\Programs\MiKTeX\tex/latex/base\size10.clo
File: size10.clo 2024/02/08 v1.4n Standard LaTeX file (size option)
)
\c@part=\count194
\c@section=\count195
\c@subsection=\count196
\c@subsubsection=\count197
\c@paragraph=\count198
\c@subparagraph=\count199
\c@figure=\count266
\c@table=\count267
\abovecaptionskip=\skip49
\belowcaptionskip=\skip50
\bibindent=\dimen141
)
(D:/tri3/Deep Learning/Assignment-2\cvpr.sty
Package: cvpr 2021/08/23 Example LaTex class for IEEE CVPR

(C:\Users\HP\AppData\Local\Programs\MiKTeX\tex/latex/psnfss\times.sty
Package: times 2020/03/25 PSNFSS-v9.3 (SPQR) 
)
(C:\Users\HP\AppData\Local\Programs\MiKTeX\tex/latex/cite\cite.sty
LaTeX Info: Redefining \cite on input line 302.
LaTeX Info: Redefining \nocite on input line 332.
Package: cite 2015/02/27  v 5.5
)
(C:\Users\HP\AppData\Local\Programs\MiKTeX\tex/latex/tools\xspace.sty
Package: xspace 2014/10/28 v1.13 Space after command names (DPC,MH)
)
(C:\Users\HP\AppData\Local\Programs\MiKTeX\tex/latex/silence\silence.sty
Package: silence 2012/07/02 v1.5b Selective filtering of warnings and error mes
sages
\sl@Save=\count268
\sl@StateNumber=\count269
\sl@MessageCount=\count270
\sl@Casualties=\count271
\sl@Filter=\toks17
\sl@Message=\toks18
\sl@UnexpandedMessage=\toks19
\sl@Mess@ge=\toks20
\sl@WarningCount=\count272
\sl@WarningNumber=\count273
\sl@WarningCasualties=\count274
\sl@TempBOW=\toks21
\sl@BankOfWarnings=\toks22
LaTeX Info: Redefining \GenericWarning on input line 433.
\sl@ErrorCount=\count275
\sl@ErrorNumber=\count276
\sl@ErrorCasualties=\count277
\sl@TempBOE=\toks23
\sl@BankOfErrors=\toks24
LaTeX Info: Redefining \GenericError on input line 601.
)
(C:\Users\HP\AppData\Local\Programs\MiKTeX\tex/latex/etoolbox\etoolbox.sty
Package: etoolbox 2020/10/05 v2.5k e-TeX tools for LaTeX (JAW)
\etb@tempcnta=\count278
)
(C:\Users\HP\AppData\Local\Programs\MiKTeX\tex/latex/caption\caption.sty
Package: caption 2023/08/05 v3.6o Customizing captions (AR)

(C:\Users\HP\AppData\Local\Programs\MiKTeX\tex/latex/caption\caption3.sty
Package: caption3 2023/07/31 v2.4d caption3 kernel (AR)

(C:\Users\HP\AppData\Local\Programs\MiKTeX\tex/latex/graphics\keyval.sty
Package: keyval 2022/05/29 v1.15 key=value parser (DPC)
\KV@toks@=\toks25
)
\caption@tempdima=\dimen142
\captionmargin=\dimen143
\caption@leftmargin=\dimen144
\caption@rightmargin=\dimen145
\caption@width=\dimen146
\caption@indent=\dimen147
\caption@parindent=\dimen148
\caption@hangindent=\dimen149
Package caption Info: Standard document class detected.
)
\c@caption@flags=\count279
\c@continuedfloat=\count280
)
(C:\Users\HP\AppData\Local\Programs\MiKTeX\tex/latex/caption\subcaption.sty
Package: subcaption 2023/07/28 v1.6b Sub-captions (AR)
Package caption Info: New subtype `subfigure' on input line 238.
\c@subfigure=\count281
Package caption Info: New subtype `subtable' on input line 238.
\c@subtable=\count282
)
(C:\Users\HP\AppData\Local\Programs\MiKTeX\tex/latex/url\url.sty
\Urlmuskip=\muskip17
Package: url 2013/09/16  ver 3.4  Verb mode for urls, etc.
)
CVPR 8.5 x 11-Inch Proceedings Style `cvpr.sty'.
\cvprrulerbox=\box52
\cvprrulercount=\count283
\cvprruleroffset=\dimen150
\cv@lineheight=\dimen151
\cv@boxheight=\dimen152
\cv@tmpbox=\box53
\cv@refno=\count284
\cv@tot=\count285
\cv@tmpc@=\count286
\cv@tmpc=\count287
) (C:\Users\HP\AppData\Local\Programs\MiKTeX\tex/latex/graphics\epsfig.sty
Package: epsfig 2024/01/14 v1.7b (e)psfig emulation (SPQR)

(C:\Users\HP\AppData\Local\Programs\MiKTeX\tex/latex/graphics\graphicx.sty
Package: graphicx 2021/09/16 v1.2d Enhanced LaTeX Graphics (DPC,SPQR)

(C:\Users\HP\AppData\Local\Programs\MiKTeX\tex/latex/graphics\graphics.sty
Package: graphics 2024/05/23 v1.4g Standard LaTeX Graphics (DPC,SPQR)

(C:\Users\HP\AppData\Local\Programs\MiKTeX\tex/latex/graphics\trig.sty
Package: trig 2023/12/02 v1.11 sin cos tan (DPC)
)
(C:\Users\HP\AppData\Local\Programs\MiKTeX\tex/latex/graphics-cfg\graphics.cfg
File: graphics.cfg 2016/06/04 v1.11 sample graphics configuration
)
Package graphics Info: Driver file: pdftex.def on input line 106.
(C:\Users\HP\AppData\Local\Programs\MiKTeX\tex/latex/graphics-def\pdftex.def
File: pdftex.def 2024/04/13 v1.2c Graphics/color driver for pdftex
))
\Gin@req@height=\dimen153
\Gin@req@width=\dimen154
)
\epsfxsize=\dimen155
\epsfysize=\dimen156
) (C:\Users\HP\AppData\Local\Programs\MiKTeX\tex/latex/amsmath\amsmath.sty
Package: amsmath 2024/05/23 v2.17q AMS math features
\@mathmargin=\skip51

For additional information on amsmath, use the `?' option.
(C:\Users\HP\AppData\Local\Programs\MiKTeX\tex/latex/amsmath\amstext.sty
Package: amstext 2021/08/26 v2.01 AMS text

(C:\Users\HP\AppData\Local\Programs\MiKTeX\tex/latex/amsmath\amsgen.sty
File: amsgen.sty 1999/11/30 v2.0 generic functions
\@emptytoks=\toks26
\ex@=\dimen157
))
(C:\Users\HP\AppData\Local\Programs\MiKTeX\tex/latex/amsmath\amsbsy.sty
Package: amsbsy 1999/11/29 v1.2d Bold Symbols
\pmbraise@=\dimen158
)
(C:\Users\HP\AppData\Local\Programs\MiKTeX\tex/latex/amsmath\amsopn.sty
Package: amsopn 2022/04/08 v2.04 operator names
)
\inf@bad=\count288
LaTeX Info: Redefining \frac on input line 233.
\uproot@=\count289
\leftroot@=\count290
LaTeX Info: Redefining \overline on input line 398.
LaTeX Info: Redefining \colon on input line 409.
\classnum@=\count291
\DOTSCASE@=\count292
LaTeX Info: Redefining \ldots on input line 495.
LaTeX Info: Redefining \dots on input line 498.
LaTeX Info: Redefining \cdots on input line 619.
\Mathstrutbox@=\box54
\strutbox@=\box55
LaTeX Info: Redefining \big on input line 721.
LaTeX Info: Redefining \Big on input line 722.
LaTeX Info: Redefining \bigg on input line 723.
LaTeX Info: Redefining \Bigg on input line 724.
\big@size=\dimen159
LaTeX Font Info:    Redeclaring font encoding OML on input line 742.
LaTeX Font Info:    Redeclaring font encoding OMS on input line 743.
\macc@depth=\count293
LaTeX Info: Redefining \bmod on input line 904.
LaTeX Info: Redefining \pmod on input line 909.
LaTeX Info: Redefining \smash on input line 939.
LaTeX Info: Redefining \relbar on input line 969.
LaTeX Info: Redefining \Relbar on input line 970.
\c@MaxMatrixCols=\count294
\dotsspace@=\muskip18
\c@parentequation=\count295
\dspbrk@lvl=\count296
\tag@help=\toks27
\row@=\count297
\column@=\count298
\maxfields@=\count299
\andhelp@=\toks28
\eqnshift@=\dimen160
\alignsep@=\dimen161
\tagshift@=\dimen162
\tagwidth@=\dimen163
\totwidth@=\dimen164
\lineht@=\dimen165
\@envbody=\toks29
\multlinegap=\skip52
\multlinetaggap=\skip53
\mathdisplay@stack=\toks30
LaTeX Info: Redefining \[ on input line 2953.
LaTeX Info: Redefining \] on input line 2954.
)
(C:\Users\HP\AppData\Local\Programs\MiKTeX\tex/latex/amsfonts\amssymb.sty
Package: amssymb 2013/01/14 v3.01 AMS font symbols

(C:\Users\HP\AppData\Local\Programs\MiKTeX\tex/latex/amsfonts\amsfonts.sty
Package: amsfonts 2013/01/14 v3.01 Basic AMSFonts support
\symAMSa=\mathgroup4
\symAMSb=\mathgroup5
LaTeX Font Info:    Redeclaring math symbol \hbar on input line 98.
LaTeX Font Info:    Overwriting math alphabet `\mathfrak' in version `bold'
(Font)                  U/euf/m/n --> U/euf/b/n on input line 106.
))
(C:\Users\HP\AppData\Local\Programs\MiKTeX\tex/latex/hyperref\hyperref.sty
Package: hyperref 2024-07-10 v7.01j Hypertext links for LaTeX

(C:\Users\HP\AppData\Local\Programs\MiKTeX\tex/generic/iftex\iftex.sty
Package: iftex 2022/02/03 v1.0f TeX engine tests
)
(C:\Users\HP\AppData\Local\Programs\MiKTeX\tex/latex/kvsetkeys\kvsetkeys.sty
Package: kvsetkeys 2022-10-05 v1.19 Key value parser (HO)
)
(C:\Users\HP\AppData\Local\Programs\MiKTeX\tex/generic/kvdefinekeys\kvdefinekey
s.sty
Package: kvdefinekeys 2019-12-19 v1.6 Define keys (HO)
)
(C:\Users\HP\AppData\Local\Programs\MiKTeX\tex/generic/pdfescape\pdfescape.sty
Package: pdfescape 2019/12/09 v1.15 Implements pdfTeX's escape features (HO)

(C:\Users\HP\AppData\Local\Programs\MiKTeX\tex/generic/ltxcmds\ltxcmds.sty
Package: ltxcmds 2023-12-04 v1.26 LaTeX kernel commands for general use (HO)
)
(C:\Users\HP\AppData\Local\Programs\MiKTeX\tex/generic/pdftexcmds\pdftexcmds.st
y
Package: pdftexcmds 2020-06-27 v0.33 Utility functions of pdfTeX for LuaTeX (HO
)

(C:\Users\HP\AppData\Local\Programs\MiKTeX\tex/generic/infwarerr\infwarerr.sty
Package: infwarerr 2019/12/03 v1.5 Providing info/warning/error messages (HO)
)
Package pdftexcmds Info: \pdf@primitive is available.
Package pdftexcmds Info: \pdf@ifprimitive is available.
Package pdftexcmds Info: \pdfdraftmode found.
)) (C:\Users\HP\AppData\Local\Programs\MiKTeX\tex/latex/hycolor\hycolor.sty
Package: hycolor 2020-01-27 v1.10 Color options for hyperref/bookmark (HO)
)
(C:\Users\HP\AppData\Local\Programs\MiKTeX\tex/latex/hyperref\nameref.sty
Package: nameref 2023-11-26 v2.56 Cross-referencing by name of section

(C:\Users\HP\AppData\Local\Programs\MiKTeX\tex/latex/refcount\refcount.sty
Package: refcount 2019/12/15 v3.6 Data extraction from label references (HO)
)
(C:\Users\HP\AppData\Local\Programs\MiKTeX\tex/generic/gettitlestring\gettitles
tring.sty
Package: gettitlestring 2019/12/15 v1.6 Cleanup title references (HO)

(C:\Users\HP\AppData\Local\Programs\MiKTeX\tex/latex/kvoptions\kvoptions.sty
Package: kvoptions 2022-06-15 v3.15 Key value format for package options (HO)
))
\c@section@level=\count300
) (C:\Users\HP\AppData\Local\Programs\MiKTeX\tex/generic/stringenc\stringenc.st
y
Package: stringenc 2019/11/29 v1.12 Convert strings between diff. encodings (HO
)
)
\@linkdim=\dimen166
\Hy@linkcounter=\count301
\Hy@pagecounter=\count302
 (C:\Users\HP\AppData\Local\Programs\MiKTeX\tex/latex/hyperref\pd1enc.def
File: pd1enc.def 2024-07-10 v7.01j Hyperref: PDFDocEncoding definition (HO)
Now handling font encoding PD1 ...
... no UTF-8 mapping file for font encoding PD1
)
(C:\Users\HP\AppData\Local\Programs\MiKTeX\tex/generic/intcalc\intcalc.sty
Package: intcalc 2019/12/15 v1.3 Expandable calculations with integers (HO)
)
\Hy@SavedSpaceFactor=\count303

(C:\Users\HP\AppData\Local\Programs\MiKTeX\tex/latex/hyperref\puenc.def
File: puenc.def 2024-07-10 v7.01j Hyperref: PDF Unicode definition (HO)
Now handling font encoding PU ...
... no UTF-8 mapping file for font encoding PU
)
Package hyperref Info: Hyper figures OFF on input line 4157.
Package hyperref Info: Link nesting OFF on input line 4162.
Package hyperref Info: Hyper index ON on input line 4165.
Package hyperref Info: Plain pages OFF on input line 4172.
Package hyperref Info: Backreferencing OFF on input line 4177.
Package hyperref Info: Implicit mode ON; LaTeX internals redefined.
Package hyperref Info: Bookmarks ON on input line 4424.
\c@Hy@tempcnt=\count304
LaTeX Info: Redefining \url on input line 4763.
\XeTeXLinkMargin=\dimen167

(C:\Users\HP\AppData\Local\Programs\MiKTeX\tex/generic/bitset\bitset.sty
Package: bitset 2019/12/09 v1.3 Handle bit-vector datatype (HO)

(C:\Users\HP\AppData\Local\Programs\MiKTeX\tex/generic/bigintcalc\bigintcalc.st
y
Package: bigintcalc 2019/12/15 v1.5 Expandable calculations on big integers (HO
)
))
\Fld@menulength=\count305
\Field@Width=\dimen168
\Fld@charsize=\dimen169
Package hyperref Info: Hyper figures OFF on input line 6042.
Package hyperref Info: Link nesting OFF on input line 6047.
Package hyperref Info: Hyper index ON on input line 6050.
Package hyperref Info: backreferencing OFF on input line 6057.
Package hyperref Info: Link coloring OFF on input line 6062.
Package hyperref Info: Link coloring with OCG OFF on input line 6067.
Package hyperref Info: PDF/A mode OFF on input line 6072.
 (C:\Users\HP\AppData\Local\Programs\MiKTeX\tex/latex/base\atbegshi-ltx.sty
Package: atbegshi-ltx 2021/01/10 v1.0c Emulation of the original atbegshi
package with kernel methods
)
\Hy@abspage=\count306
\c@Item=\count307
\c@Hfootnote=\count308
)
Package hyperref Info: Driver (autodetected): hpdftex.
 (C:\Users\HP\AppData\Local\Programs\MiKTeX\tex/latex/hyperref\hpdftex.def
File: hpdftex.def 2024-07-10 v7.01j Hyperref driver for pdfTeX

(C:\Users\HP\AppData\Local\Programs\MiKTeX\tex/latex/base\atveryend-ltx.sty
Package: atveryend-ltx 2020/08/19 v1.0a Emulation of the original atveryend pac
kage
with kernel methods
)
\Fld@listcount=\count309
\c@bookmark@seq@number=\count310

(C:\Users\HP\AppData\Local\Programs\MiKTeX\tex/latex/rerunfilecheck\rerunfilech
eck.sty
Package: rerunfilecheck 2022-07-10 v1.10 Rerun checks for auxiliary files (HO)

(C:\Users\HP\AppData\Local\Programs\MiKTeX\tex/generic/uniquecounter\uniquecoun
ter.sty
Package: uniquecounter 2019/12/15 v1.4 Provide unlimited unique counter (HO)
)
Package uniquecounter Info: New unique counter `rerunfilecheck' on input line 2
85.
)
\Hy@SectionHShift=\skip54
)
LaTeX Font Info:    Trying to load font information for OT1+ptm on input line 1
7.

(C:\Users\HP\AppData\Local\Programs\MiKTeX\tex/latex/psnfss\ot1ptm.fd
File: ot1ptm.fd 2001/06/04 font definitions for OT1/ptm.
)
(C:\Users\HP\AppData\Local\Programs\MiKTeX\tex/latex/l3backend\l3backend-pdftex
.def
File: l3backend-pdftex.def 2024-05-08 L3 backend support: PDF output (pdfTeX)
\l__color_backend_stack_int=\count311
\l__pdf_internal_box=\box56
)
No file Shivangi_CNN_Assignment-2.aux.
\openout1 = `Shivangi_CNN_Assignment-2.aux'.

LaTeX Font Info:    Checking defaults for OML/cmm/m/it on input line 17.
LaTeX Font Info:    ... okay on input line 17.
LaTeX Font Info:    Checking defaults for OMS/cmsy/m/n on input line 17.
LaTeX Font Info:    ... okay on input line 17.
LaTeX Font Info:    Checking defaults for OT1/cmr/m/n on input line 17.
LaTeX Font Info:    ... okay on input line 17.
LaTeX Font Info:    Checking defaults for T1/cmr/m/n on input line 17.
LaTeX Font Info:    ... okay on input line 17.
LaTeX Font Info:    Checking defaults for TS1/cmr/m/n on input line 17.
LaTeX Font Info:    ... okay on input line 17.
LaTeX Font Info:    Checking defaults for OMX/cmex/m/n on input line 17.
LaTeX Font Info:    ... okay on input line 17.
LaTeX Font Info:    Checking defaults for U/cmr/m/n on input line 17.
LaTeX Font Info:    ... okay on input line 17.
LaTeX Font Info:    Checking defaults for PD1/pdf/m/n on input line 17.
LaTeX Font Info:    ... okay on input line 17.
LaTeX Font Info:    Checking defaults for PU/pdf/m/n on input line 17.
LaTeX Font Info:    ... okay on input line 17.
Package caption Info: Begin \AtBeginDocument code.
Package caption Info: hyperref package is loaded.
Package caption Info: End \AtBeginDocument code.
ABD: EveryShipout initializing macros
(C:\Users\HP\AppData\Local\Programs\MiKTeX\tex/latex/graphics\color.sty
Package: color 2024/01/14 v1.3d Standard LaTeX Color (DPC)

(C:\Users\HP\AppData\Local\Programs\MiKTeX\tex/latex/graphics-cfg\color.cfg
File: color.cfg 2016/01/02 v1.6 sample color configuration
)
Package color Info: Driver file: pdftex.def on input line 149.

(C:\Users\HP\AppData\Local\Programs\MiKTeX\tex/latex/graphics\mathcolor.ltx))
(C:\Users\HP\AppData\Local\Programs\MiKTeX\tex/latex/eepic\epic.sty
Enhancements to Picture Environment. Version 1.2 - Released June 1, 1986
\@@multicnt=\count312
\d@lta=\count313
\@delta=\dimen170
\@@delta=\dimen171
\@gridcnt=\count314
\@joinkind=\count315
\@dotgap=\dimen172
\@ddotgap=\dimen173
\@x@diff=\count316
\@y@diff=\count317
\x@diff=\dimen174
\y@diff=\dimen175
\@dotbox=\box57
\num@segments=\count318
\num@segmentsi=\count319
\@datafile=\read2
)
(C:\Users\HP\AppData\Local\Programs\MiKTeX\tex/context/base/mkii\supp-pdf.mkii
[Loading MPS to PDF converter (version 2006.09.02).]
\scratchcounter=\count320
\scratchdimen=\dimen176
\scratchbox=\box58
\nofMPsegments=\count321
\nofMParguments=\count322
\everyMPshowfont=\toks31
\MPscratchCnt=\count323
\MPscratchDim=\dimen177
\MPnumerator=\count324
\makeMPintoPDFobject=\count325
\everyMPtoPDFconversion=\toks32
)
(C:\Users\HP\AppData\Local\Programs\MiKTeX\tex/latex/epstopdf-pkg\epstopdf-base
.sty
Package: epstopdf-base 2020-01-24 v2.11 Base part for package epstopdf
Package epstopdf-base Info: Redefining graphics rule for `.eps' on input line 4
85.

(C:\Users\HP\AppData\Local\Programs\MiKTeX\tex/latex/00miktex\epstopdf-sys.cfg
File: epstopdf-sys.cfg 2021/03/18 v2.0 Configuration of epstopdf for MiKTeX
))
Package hyperref Info: Link coloring OFF on input line 17.
\@outlinefile=\write3
\openout3 = `Shivangi_CNN_Assignment-2.out'.

LaTeX Font Info:    Trying to load font information for U+msa on input line 20.

 (C:\Users\HP\AppData\Local\Programs\MiKTeX\tex/latex/amsfonts\umsa.fd
File: umsa.fd 2013/01/14 v3.01 AMS symbols A
)
LaTeX Font Info:    Trying to load font information for U+msb on input line 20.


(C:\Users\HP\AppData\Local\Programs\MiKTeX\tex/latex/amsfonts\umsb.fd
File: umsb.fd 2013/01/14 v3.01 AMS symbols B
)
LaTeX Font Info:    Trying to load font information for OT1+pcr on input line 2
0.

(C:\Users\HP\AppData\Local\Programs\MiKTeX\tex/latex/psnfss\ot1pcr.fd
File: ot1pcr.fd 2001/06/04 font definitions for OT1/pcr.
)

<D:/tri3/Deep Learning/Assignment-2/CNN_working.jpeg, id=3, 878.28125pt x 469.7
55pt>
File: D:/tri3/Deep Learning/Assignment-2/CNN_working.jpeg Graphic file (type jp
g)
<use D:/tri3/Deep Learning/Assignment-2/CNN_working.jpeg>
Package pdftex.def Info: D:/tri3/Deep Learning/Assignment-2/CNN_working.jpeg  u
sed on input line 38.
(pdftex.def)             Requested size: 248.42812pt x 132.8709pt.

Overfull \hbox (11.29218pt too wide) in paragraph at lines 38--39
 [][] 
 []

<D:/tri3/Deep Learning/Assignment-2/ResNet-18.png, id=4, 284.39583pt x 133.4987
5pt>
File: D:/tri3/Deep Learning/Assignment-2/ResNet-18.png Graphic file (type png)
<use D:/tri3/Deep Learning/Assignment-2/ResNet-18.png>
Package pdftex.def Info: D:/tri3/Deep Learning/Assignment-2/ResNet-18.png  used
 on input line 44.
(pdftex.def)             Requested size: 248.42812pt x 116.61554pt.

Overfull \hbox (11.29218pt too wide) in paragraph at lines 44--45
 [][] 
 []

<D:/tri3/Deep Learning/Assignment-2/Alexnet.png, id=6, 963.6pt x 542.025pt>
File: D:/tri3/Deep Learning/Assignment-2/Alexnet.png Graphic file (type png)
<use D:/tri3/Deep Learning/Assignment-2/Alexnet.png>
Package pdftex.def Info: D:/tri3/Deep Learning/Assignment-2/Alexnet.png  used o
n input line 50.
(pdftex.def)             Requested size: 248.42812pt x 139.74046pt.

Overfull \hbox (11.29218pt too wide) in paragraph at lines 50--51
 [][] 
 []

<D:/tri3/Deep Learning/Assignment-2/Mobilenet.png, id=7, 1405.25pt x 494.84875p
t>
File: D:/tri3/Deep Learning/Assignment-2/Mobilenet.png Graphic file (type png)
<use D:/tri3/Deep Learning/Assignment-2/Mobilenet.png>
Package pdftex.def Info: D:/tri3/Deep Learning/Assignment-2/Mobilenet.png  used
 on input line 56.
(pdftex.def)             Requested size: 248.42812pt x 87.47571pt.

Overfull \hbox (11.29218pt too wide) in paragraph at lines 56--57
 [][] 
 []



[1{C:/Users/HP/AppData/Local/MiKTeX/fonts/map/pdftex/pdftex.map}{C:/Users/HP/Ap
pData/Local/Programs/MiKTeX/fonts/enc/dvips/base/8r.enc}


 <D:/tri3/Deep Learning/Assignment-2/CNN_working.jpeg>]



[2 <D:/tri3/Deep Learning/Assignment-2/ResNet-18.png> <D:/tri3/Deep Learning/As
signment-2/Alexnet.png> <D:/tri3/Deep Learning/Assignment-2/Mobilenet.png (PNG 
copy)>]
! pdfTeX error (ext1): \pdfendlink cannot be used in vertical mode.
\close@pdflink ...\Hy@VerboseLinkStop \pdfendlink 
                                                  
l.93 \section
             {References}

 
Here is how much of TeX's memory you used:
 11875 strings out of 473898
 188895 string characters out of 5727895
 585084 words of memory out of 5000000
 34581 multiletter control sequences out of 15000+600000
 575890 words of font info for 73 fonts, out of 8000000 for 9000
 1141 hyphenation exceptions out of 8191
 75i,9n,79p,683b,480s stack positions out of 10000i,1000n,20000p,200000b,200000s
!  ==> Fatal error occurred, no output PDF file produced!
